<?xml version="1.0" encoding="UTF-8"?>
<!-- Generated by org.testng.reporters.JUnitReportReporter -->
<testsuite hostname="DESKTOP-0NISBQS" failures="0" tests="18" name="executionPackage.Groupchat_test" time="237.557" errors="0" timestamp="2020-09-07T11:19:42 IST" skipped="1">
  <testcase classname="executionPackage.Groupchat_test" name="create_group" time="14.523"/>
  <system-out/>
  <testcase classname="executionPackage.Groupchat_test" name="getgroup_name" time="3.269"/>
  <system-out/>
  <testcase classname="executionPackage.Groupchat_test" name="sendtxt" time="4.773"/>
  <system-out/>
  <testcase classname="executionPackage.Groupchat_test" name="send_imges" time="10.706"/>
  <system-out/>
  <testcase classname="executionPackage.Groupchat_test" name="send_documents" time="6.472"/>
  <system-out/>
  <testcase classname="executionPackage.Groupchat_test" name="send_videos" time="16.949"/>
  <system-out/>
  <testcase classname="executionPackage.Groupchat_test" name="send_audios" time="3.176"/>
  <system-out/>
  <testcase classname="executionPackage.Groupchat_test" name="send_currentlocation" time="17.058"/>
  <system-out/>
  <testcase classname="executionPackage.Groupchat_test" name="send_cameraphoto" time="11.877"/>
  <system-out/>
  <testcase classname="executionPackage.Groupchat_test" name="record_audio" time="8.512"/>
  <system-out/>
  <testcase classname="executionPackage.Groupchat_test" name="make_admin" time="86.635"/>
  <system-out/>
  <testcase classname="executionPackage.Groupchat_test" name="reply_message" time="11.242"/>
  <system-out/>
  <testcase classname="executionPackage.Groupchat_test" name="forward_message" time="10.221"/>
  <system-out/>
  <testcase classname="executionPackage.Groupchat_test" name="mute_contact" time="8.939"/>
  <system-out/>
  <testcase classname="executionPackage.Groupchat_test" name="unmute_conact" time="13.467"/>
  <system-out/>
  <testcase classname="executionPackage.Groupchat_test" name="exit_group" time="4.732"/>
  <system-out/>
  <testcase classname="executionPackage.Groupchat_test" name="delete_group" time="5.006"/>
  <system-out/>
  <testcase classname="executionPackage.Groupchat_test" name="send_differentlocation">
    <skipped/>
  </testcase> <!-- send_differentlocation -->
  <system-out/>
</testsuite> <!-- executionPackage.Groupchat_test -->
